<?xml version="1.0" encoding="utf-8"?><testsuites name="pytest tests"><testsuite name="pytest" errors="0" failures="0" skipped="0" tests="17" time="5.998" timestamp="2026-07-06T15:30:15.768469+00:00" hostname="agent-env-ed4bebb6-fed8-4f14-8fd8-d21b7e551214"><testcase classname="backend.tests.test_saferoute_api" name="test_health" time="0.166" /><testcase classname="backend.tests.test_saferoute_api" name="test_geocode_t_nagar" time="0.514" /><testcase classname="backend.tests.test_saferoute_api" name="test_reverse_geocode" time="0.670" /><testcase classname="backend.tests.test_saferoute_api" name="test_routes_walking_t_nagar_to_egmore" time="0.994" /><testcase classname="backend.tests.test_saferoute_api" name="test_safe_places_near_t_nagar" time="0.104" /><testcase classname="backend.tests.test_saferoute_api" name="test_list_seeded_incidents" time="0.140" /><testcase classname="backend.tests.test_saferoute_api" name="test_create_incident_gps_valid" time="0.075" /><testcase classname="backend.tests.test_saferoute_api" name="test_create_incident_reporter_too_far" time="0.086" /><testcase classname="backend.tests.test_saferoute_api" name="test_create_incident_outside_chennai" time="0.078" /><testcase classname="backend.tests.test_saferoute_api" name="test_confirm_incident_promotes_to_verified" time="0.263" /><testcase classname="backend.tests.test_saferoute_api" name="test_journey_create_returns_token" time="0.084" /><testcase classname="backend.tests.test_saferoute_api" name="test_journey_get_full_state" time="0.086" /><testcase classname="backend.tests.test_saferoute_api" name="test_journey_ping_updates_location" time="0.120" /><testcase classname="backend.tests.test_saferoute_api" name="test_journey_sos_sets_active" time="0.127" /><testcase classname="backend.tests.test_saferoute_api" name="test_journey_complete_deletes_gps" time="0.123" /><testcase classname="backend.tests.test_saferoute_api" name="test_dashboard_stats" time="0.092" /><testcase classname="backend.tests.test_saferoute_api" name="test_ws_journey_receives_location" time="2.210" /></testsuite></testsuites>